#######################################################################################
# fsdb.xxxxx.log : log primitive debug message of FSDB Reader
# This is for R&D to analyze when there are issues happening when FSDB reading
<<<<<<< HEAD
# The corresponding FSDB file is /data/usr/xuemy/try_scalar/try_scalar/wave.fsdb
=======
# The corresponding FSDB file is /data/usr/xuemy/8fetch_ooo/toy_scalar/wave.fsdb
>>>>>>> 89e66991d0bf01e1b1c749468c20af396b652198
#######################################################################################
[BASIC]Reader version : Chronologic Simulation VCS Release T-2022.06_Full64
[BASIC]simulator version : Chronologic Simulation VCS Release T-2022.06_Full64
[BASIC]dumper version : FSDB Dumper for VCS, Release Verdi_T-2022.06, Linux x86_64/64bit, 05/29/2022
[THREAD]The MTR thread count is 4
[READSCOPE]ReadScopeTree calling time is 0
[READSCOPE]ReadScope_PartialLoad calling time is 0
[READSCOPE]Scope read by partial load count is 0
[READSCOPE]Scope read count is 0
[READSCOPE]Decompressed blk is 0
[FSDBGate Info] start
[FSDBGate Info] Total fhdb_compute_count = 0
[FSDBGate Info] end
